11:09:51 **** Clean-only build of configuration Nios II for project lights ****
make clean 
[lights clean complete]
11:09:51 **** Clean-only build of configuration Nios II for project lights_bsp ****
make clean 
[BSP clean complete]
11:09:51 **** Build of configuration Nios II for project lights ****
make all 
Info: Building ../lights_bsp/
make --no-print-directory -C ../lights_bsp/
Makefile not up to date.
../../nios_system.sopcinfo has been modified since the BSP was generated.

Generate the BSP to update the Makefile, and then build again.

To generate from Eclipse:
 1. Right-click the BSP project.
 2. In the Nios II Menu, click Generate BSP.

To generate from the command line:
 nios2-bsp-generate-files --settings=<settings file> --bsp-dir=<target bsp files directory>

make[1]: *** [Makefile:558: public.mk] Error 1
make: *** [Makefile:893: ../lights_bsp/-recurs-make-lib] Error 2
11:09:51 **** Build of configuration Nios II for project lights_bsp ****
make all 
Makefile not up to date.
../../nios_system.sopcinfo has been modified since the BSP was generated.

Generate the BSP to update the Makefile, and then build again.

To generate from Eclipse:
 1. Right-click the BSP project.
 2. In the Nios II Menu, click Generate BSP.

To generate from the command line:
 nios2-bsp-generate-files --settings=<settings file> --bsp-dir=<target bsp files directory>

make: *** [Makefile:558: public.mk] Error 1
